<?xml version="1.0" encoding="UTF-8"?>
<testsuite name="CardGameTest" tests="1" skipped="0" failures="0" errors="0" timestamp="2023-05-03T15:45:56" hostname="MacBook-Pro-de-Herlander.local" time="6.062">
  <properties/>
  <testcase name="start" classname="CardGameTest" time="6.062"/>
  <system-out><![CDATA[?[1;31m
Start test 1?[0m
Indigo Card Game
Play first?
> yes
Initial cards on the table: 4♠ Q♦ 2♦ 8♣

4 cards on the table, and the top card is 8♣
Cards in hand: 1)10♦ 2)6♠ 3)9♦ 4)2♣ 5)7♥ 6)A♣
Choose a card to play (1-6):
> 1

5 cards on the table, and the top card is 10♦
Computer plays A♥

6 cards on the table, and the top card is A♥
Cards in hand: 1)6♠ 2)9♦ 3)2♣ 4)7♥ 5)A♣
Choose a card to play (1-5):
> 1

7 cards on the table, and the top card is 6♠
Computer plays A♦

8 cards on the table, and the top card is A♦
Cards in hand: 1)9♦ 2)2♣ 3)7♥ 4)A♣
Choose a card to play (1-4):
> 1

9 cards on the table, and the top card is 9♦
Computer plays A♠

10 cards on the table, and the top card is A♠
Cards in hand: 1)2♣ 2)7♥ 3)A♣
Choose a card to play (1-3):
> 1

11 cards on the table, and the top card is 2♣
Computer plays 6♥

12 cards on the table, and the top card is 6♥
Cards in hand: 1)7♥ 2)A♣
Choose a card to play (1-2):
> 1

13 cards on the table, and the top card is 7♥
Computer plays 7♠

14 cards on the table, and the top card is 7♠
Cards in hand: 1)A♣
Choose a card to play (1-1):
> 1

15 cards on the table, and the top card is A♣
Computer plays 5♦

16 cards on the table, and the top card is 5♦
Cards in hand: 1)8♦ 2)5♣ 3)J♥ 4)9♥ 5)6♣ 6)4♣
Choose a card to play (1-6):
> 1

17 cards on the table, and the top card is 8♦
Computer plays Q♠

18 cards on the table, and the top card is Q♠
Cards in hand: 1)5♣ 2)J♥ 3)9♥ 4)6♣ 5)4♣
Choose a card to play (1-5):
> 1

19 cards on the table, and the top card is 5♣
Computer plays 10♥

20 cards on the table, and the top card is 10♥
Cards in hand: 1)J♥ 2)9♥ 3)6♣ 4)4♣
Choose a card to play (1-4):
> 1

21 cards on the table, and the top card is J♥
Computer plays 3♦

22 cards on the table, and the top card is 3♦
Cards in hand: 1)9♥ 2)6♣ 3)4♣
Choose a card to play (1-3):
> 1

23 cards on the table, and the top card is 9♥
Computer plays 4♦

24 cards on the table, and the top card is 4♦
Cards in hand: 1)6♣ 2)4♣
Choose a card to play (1-2):
> 1

25 cards on the table, and the top card is 6♣
Computer plays 10♣

26 cards on the table, and the top card is 10♣
Cards in hand: 1)4♣
Choose a card to play (1-1):
> 1

27 cards on the table, and the top card is 4♣
Computer plays 10♠

28 cards on the table, and the top card is 10♠
Cards in hand: 1)9♣ 2)8♥ 3)2♠ 4)3♠ 5)7♦ 6)9♠
Choose a card to play (1-6):
> 1

29 cards on the table, and the top card is 9♣
Computer plays K♦

30 cards on the table, and the top card is K♦
Cards in hand: 1)8♥ 2)2♠ 3)3♠ 4)7♦ 5)9♠
Choose a card to play (1-5):
> 1

31 cards on the table, and the top card is 8♥
Computer plays 6♦

32 cards on the table, and the top card is 6♦
Cards in hand: 1)2♠ 2)3♠ 3)7♦ 4)9♠
Choose a card to play (1-4):
> 1

33 cards on the table, and the top card is 2♠
Computer plays K♥

34 cards on the table, and the top card is K♥
Cards in hand: 1)3♠ 2)7♦ 3)9♠
Choose a card to play (1-3):
> 1

35 cards on the table, and the top card is 3♠
Computer plays 2♥

36 cards on the table, and the top card is 2♥
Cards in hand: 1)7♦ 2)9♠
Choose a card to play (1-2):
> 1

37 cards on the table, and the top card is 7♦
Computer plays 4♥

38 cards on the table, and the top card is 4♥
Cards in hand: 1)9♠
Choose a card to play (1-1):
> 1

39 cards on the table, and the top card is 9♠
Computer plays 3♥

40 cards on the table, and the top card is 3♥
Cards in hand: 1)J♠ 2)K♣ 3)5♠ 4)8♠ 5)J♦ 6)K♠
Choose a card to play (1-6):
> 1

41 cards on the table, and the top card is J♠
Computer plays Q♥

42 cards on the table, and the top card is Q♥
Cards in hand: 1)K♣ 2)5♠ 3)8♠ 4)J♦ 5)K♠
Choose a card to play (1-5):
> 1

43 cards on the table, and the top card is K♣
Computer plays 5♥

44 cards on the table, and the top card is 5♥
Cards in hand: 1)5♠ 2)8♠ 3)J♦ 4)K♠
Choose a card to play (1-4):
> 1

45 cards on the table, and the top card is 5♠
Computer plays Q♣

46 cards on the table, and the top card is Q♣
Cards in hand: 1)8♠ 2)J♦ 3)K♠
Choose a card to play (1-3):
> 1

47 cards on the table, and the top card is 8♠
Computer plays J♣

48 cards on the table, and the top card is J♣
Cards in hand: 1)J♦ 2)K♠
Choose a card to play (1-2):
> 1

49 cards on the table, and the top card is J♦
Computer plays 3♣

50 cards on the table, and the top card is 3♣
Cards in hand: 1)K♠
Choose a card to play (1-1):
> 1

51 cards on the table, and the top card is K♠
Computer plays 7♣

52 cards on the table, and the top card is 7♣
Game Over
?[1;31m
Start test 2?[0m
Indigo Card Game
Play first?
> yes
Initial cards on the table: 10♥ 4♣ 9♦ 10♦

4 cards on the table, and the top card is 10♦
Cards in hand: 1)Q♣ 2)6♦ 3)5♣ 4)3♥ 5)4♥ 6)7♥
Choose a card to play (1-6):
> 6

5 cards on the table, and the top card is 7♥
Computer plays 2♦

6 cards on the table, and the top card is 2♦
Cards in hand: 1)Q♣ 2)6♦ 3)5♣ 4)3♥ 5)4♥
Choose a card to play (1-5):
> 5

7 cards on the table, and the top card is 4♥
Computer plays 3♠

8 cards on the table, and the top card is 3♠
Cards in hand: 1)Q♣ 2)6♦ 3)5♣ 4)3♥
Choose a card to play (1-4):
> 4

9 cards on the table, and the top card is 3♥
Computer plays 10♣

10 cards on the table, and the top card is 10♣
Cards in hand: 1)Q♣ 2)6♦ 3)5♣
Choose a card to play (1-3):
> 3

11 cards on the table, and the top card is 5♣
Computer plays A♠

12 cards on the table, and the top card is A♠
Cards in hand: 1)Q♣ 2)6♦
Choose a card to play (1-2):
> 2

13 cards on the table, and the top card is 6♦
Computer plays J♣

14 cards on the table, and the top card is J♣
Cards in hand: 1)Q♣
Choose a card to play (1-1):
> 1

15 cards on the table, and the top card is Q♣
Computer plays 2♥

16 cards on the table, and the top card is 2♥
Cards in hand: 1)10♠ 2)8♦ 3)2♠ 4)8♠ 5)3♣ 6)J♠
Choose a card to play (1-6):
> 6

17 cards on the table, and the top card is J♠
Computer plays 9♠

18 cards on the table, and the top card is 9♠
Cards in hand: 1)10♠ 2)8♦ 3)2♠ 4)8♠ 5)3♣
Choose a card to play (1-5):
> 5

19 cards on the table, and the top card is 3♣
Computer plays J♦

20 cards on the table, and the top card is J♦
Cards in hand: 1)10♠ 2)8♦ 3)2♠ 4)8♠
Choose a card to play (1-4):
> 4

21 cards on the table, and the top card is 8♠
Computer plays 2♣

22 cards on the table, and the top card is 2♣
Cards in hand: 1)10♠ 2)8♦ 3)2♠
Choose a card to play (1-3):
> 3

23 cards on the table, and the top card is 2♠
Computer plays 9♣

24 cards on the table, and the top card is 9♣
Cards in hand: 1)10♠ 2)8♦
Choose a card to play (1-2):
> 2

25 cards on the table, and the top card is 8♦
Computer plays 5♠

26 cards on the table, and the top card is 5♠
Cards in hand: 1)10♠
Choose a card to play (1-1):
> 1

27 cards on the table, and the top card is 10♠
Computer plays Q♠

28 cards on the table, and the top card is Q♠
Cards in hand: 1)7♠ 2)5♦ 3)J♥ 4)K♥ 5)K♠ 6)6♠
Choose a card to play (1-6):
> 6

29 cards on the table, and the top card is 6♠
Computer plays 3♦

30 cards on the table, and the top card is 3♦
Cards in hand: 1)7♠ 2)5♦ 3)J♥ 4)K♥ 5)K♠
Choose a card to play (1-5):
> 5

31 cards on the table, and the top card is K♠
Computer plays A♦

32 cards on the table, and the top card is A♦
Cards in hand: 1)7♠ 2)5♦ 3)J♥ 4)K♥
Choose a card to play (1-4):
> 4

33 cards on the table, and the top card is K♥
Computer plays 8♣

34 cards on the table, and the top card is 8♣
Cards in hand: 1)7♠ 2)5♦ 3)J♥
Choose a card to play (1-3):
> 3

35 cards on the table, and the top card is J♥
Computer plays 7♣

36 cards on the table, and the top card is 7♣
Cards in hand: 1)7♠ 2)5♦
Choose a card to play (1-2):
> 2

37 cards on the table, and the top card is 5♦
Computer plays 6♣

38 cards on the table, and the top card is 6♣
Cards in hand: 1)7♠
Choose a card to play (1-1):
> 1

39 cards on the table, and the top card is 7♠
Computer plays 4♦

40 cards on the table, and the top card is 4♦
Cards in hand: 1)6♥ 2)7♦ 3)4♠ 4)A♣ 5)Q♥ 6)A♥
Choose a card to play (1-6):
> 6

41 cards on the table, and the top card is A♥
Computer plays K♣

42 cards on the table, and the top card is K♣
Cards in hand: 1)6♥ 2)7♦ 3)4♠ 4)A♣ 5)Q♥
Choose a card to play (1-5):
> 5

43 cards on the table, and the top card is Q♥
Computer plays 5♥

44 cards on the table, and the top card is 5♥
Cards in hand: 1)6♥ 2)7♦ 3)4♠ 4)A♣
Choose a card to play (1-4):
> 4

45 cards on the table, and the top card is A♣
Computer plays Q♦

46 cards on the table, and the top card is Q♦
Cards in hand: 1)6♥ 2)7♦ 3)4♠
Choose a card to play (1-3):
> 3

47 cards on the table, and the top card is 4♠
Computer plays K♦

48 cards on the table, and the top card is K♦
Cards in hand: 1)6♥ 2)7♦
Choose a card to play (1-2):
> 2

49 cards on the table, and the top card is 7♦
Computer plays 8♥

50 cards on the table, and the top card is 8♥
Cards in hand: 1)6♥
Choose a card to play (1-1):
> 1

51 cards on the table, and the top card is 6♥
Computer plays 9♥

52 cards on the table, and the top card is 9♥
Game Over
?[1;31m
Start test 3?[0m
Indigo Card Game
Play first?
> Hello
Play first?
> me
Play first?
> 0
Play first?
> play
Play first?
> yes
Initial cards on the table: 2♠ J♣ J♠ 3♠

4 cards on the table, and the top card is 3♠
Cards in hand: 1)5♥ 2)Q♦ 3)6♣ 4)4♦ 5)A♥ 6)8♠
Choose a card to play (1-6):
> exit
Game Over
?[1;31m
Start test 4?[0m
Indigo Card Game
Play first?
> no
Initial cards on the table: J♥ 3♠ 6♦ 10♣

4 cards on the table, and the top card is 10♣
Computer plays 4♠

5 cards on the table, and the top card is 4♠
Cards in hand: 1)7♥ 2)4♥ 3)J♣ 4)A♠ 5)J♦ 6)A♣
Choose a card to play (1-6):
> 1

6 cards on the table, and the top card is 7♥
Computer plays 7♣

7 cards on the table, and the top card is 7♣
Cards in hand: 1)4♥ 2)J♣ 3)A♠ 4)J♦ 5)A♣
Choose a card to play (1-5):
> 1

8 cards on the table, and the top card is 4♥
Computer plays 10♥

9 cards on the table, and the top card is 10♥
Cards in hand: 1)J♣ 2)A♠ 3)J♦ 4)A♣
Choose a card to play (1-4):
> 1

10 cards on the table, and the top card is J♣
Computer plays 5♥

11 cards on the table, and the top card is 5♥
Cards in hand: 1)A♠ 2)J♦ 3)A♣
Choose a card to play (1-3):
> 1

12 cards on the table, and the top card is A♠
Computer plays 2♣

13 cards on the table, and the top card is 2♣
Cards in hand: 1)J♦ 2)A♣
Choose a card to play (1-2):
> 1

14 cards on the table, and the top card is J♦
Computer plays K♣

15 cards on the table, and the top card is K♣
Cards in hand: 1)A♣
Choose a card to play (1-1):
> 1

16 cards on the table, and the top card is A♣
Computer plays Q♦

17 cards on the table, and the top card is Q♦
Cards in hand: 1)K♠ 2)8♦ 3)K♥ 4)9♥ 5)Q♠ 6)4♣
Choose a card to play (1-6):
> 1

18 cards on the table, and the top card is K♠
Computer plays 5♣

19 cards on the table, and the top card is 5♣
Cards in hand: 1)8♦ 2)K♥ 3)9♥ 4)Q♠ 5)4♣
Choose a card to play (1-5):
> 1

20 cards on the table, and the top card is 8♦
Computer plays A♥

21 cards on the table, and the top card is A♥
Cards in hand: 1)K♥ 2)9♥ 3)Q♠ 4)4♣
Choose a card to play (1-4):
> 1

22 cards on the table, and the top card is K♥
Computer plays 6♠

23 cards on the table, and the top card is 6♠
Cards in hand: 1)9♥ 2)Q♠ 3)4♣
Choose a card to play (1-3):
> 1

24 cards on the table, and the top card is 9♥
Computer plays K♦

25 cards on the table, and the top card is K♦
Cards in hand: 1)Q♠ 2)4♣
Choose a card to play (1-2):
> 1

26 cards on the table, and the top card is Q♠
Computer plays 7♦

27 cards on the table, and the top card is 7♦
Cards in hand: 1)4♣
Choose a card to play (1-1):
> 1

28 cards on the table, and the top card is 4♣
Computer plays 8♠

29 cards on the table, and the top card is 8♠
Cards in hand: 1)10♠ 2)6♣ 3)Q♥ 4)A♦ 5)J♠ 6)8♣
Choose a card to play (1-6):
> 1

30 cards on the table, and the top card is 10♠
Computer plays 9♣

31 cards on the table, and the top card is 9♣
Cards in hand: 1)6♣ 2)Q♥ 3)A♦ 4)J♠ 5)8♣
Choose a card to play (1-5):
> 1

32 cards on the table, and the top card is 6♣
Computer plays 6♥

33 cards on the table, and the top card is 6♥
Cards in hand: 1)Q♥ 2)A♦ 3)J♠ 4)8♣
Choose a card to play (1-4):
> 1

34 cards on the table, and the top card is Q♥
Computer plays 10♦

35 cards on the table, and the top card is 10♦
Cards in hand: 1)A♦ 2)J♠ 3)8♣
Choose a card to play (1-3):
> 1

36 cards on the table, and the top card is A♦
Computer plays 4♦

37 cards on the table, and the top card is 4♦
Cards in hand: 1)J♠ 2)8♣
Choose a card to play (1-2):
> 1

38 cards on the table, and the top card is J♠
Computer plays 2♥

39 cards on the table, and the top card is 2♥
Cards in hand: 1)8♣
Choose a card to play (1-1):
> 1

40 cards on the table, and the top card is 8♣
Computer plays 7♠

41 cards on the table, and the top card is 7♠
Cards in hand: 1)8♥ 2)5♠ 3)9♠ 4)3♣ 5)3♦ 6)5♦
Choose a card to play (1-6):
> 1

42 cards on the table, and the top card is 8♥
Computer plays 2♦

43 cards on the table, and the top card is 2♦
Cards in hand: 1)5♠ 2)9♠ 3)3♣ 4)3♦ 5)5♦
Choose a card to play (1-5):
> 1

44 cards on the table, and the top card is 5♠
Computer plays 3♥

45 cards on the table, and the top card is 3♥
Cards in hand: 1)9♠ 2)3♣ 3)3♦ 4)5♦
Choose a card to play (1-4):
> 1

46 cards on the table, and the top card is 9♠
Computer plays Q♣

47 cards on the table, and the top card is Q♣
Cards in hand: 1)3♣ 2)3♦ 3)5♦
Choose a card to play (1-3):
> 1

48 cards on the table, and the top card is 3♣
Computer plays 9♦

49 cards on the table, and the top card is 9♦
Cards in hand: 1)3♦ 2)5♦
Choose a card to play (1-2):
> 1

50 cards on the table, and the top card is 3♦
Computer plays 2♠

51 cards on the table, and the top card is 2♠
Cards in hand: 1)5♦
Choose a card to play (1-1):
> 1

52 cards on the table, and the top card is 5♦
Game Over
?[1;31m
Start test 5?[0m
Indigo Card Game
Play first?
> no
Initial cards on the table: 2♦ 8♥ A♣ 6♥

4 cards on the table, and the top card is 6♥
Computer plays K♥

5 cards on the table, and the top card is K♥
Cards in hand: 1)7♥ 2)A♦ 3)6♠ 4)A♥ 5)9♣ 6)10♦
Choose a card to play (1-6):
> 6

6 cards on the table, and the top card is 10♦
Computer plays 8♣

7 cards on the table, and the top card is 8♣
Cards in hand: 1)7♥ 2)A♦ 3)6♠ 4)A♥ 5)9♣
Choose a card to play (1-5):
> 5

8 cards on the table, and the top card is 9♣
Computer plays J♦

9 cards on the table, and the top card is J♦
Cards in hand: 1)7♥ 2)A♦ 3)6♠ 4)A♥
Choose a card to play (1-4):
> 4

10 cards on the table, and the top card is A♥
Computer plays 7♠

11 cards on the table, and the top card is 7♠
Cards in hand: 1)7♥ 2)A♦ 3)6♠
Choose a card to play (1-3):
> 3

12 cards on the table, and the top card is 6♠
Computer plays K♦

13 cards on the table, and the top card is K♦
Cards in hand: 1)7♥ 2)A♦
Choose a card to play (1-2):
> 2

14 cards on the table, and the top card is A♦
Computer plays 3♣

15 cards on the table, and the top card is 3♣
Cards in hand: 1)7♥
Choose a card to play (1-1):
> 1

16 cards on the table, and the top card is 7♥
Computer plays 10♥

17 cards on the table, and the top card is 10♥
Cards in hand: 1)K♠ 2)3♦ 3)K♣ 4)J♠ 5)J♣ 6)3♠
Choose a card to play (1-6):
> 6

18 cards on the table, and the top card is 3♠
Computer plays 5♠

19 cards on the table, and the top card is 5♠
Cards in hand: 1)K♠ 2)3♦ 3)K♣ 4)J♠ 5)J♣
Choose a card to play (1-5):
> 5

20 cards on the table, and the top card is J♣
Computer plays 6♦

21 cards on the table, and the top card is 6♦
Cards in hand: 1)K♠ 2)3♦ 3)K♣ 4)J♠
Choose a card to play (1-4):
> 4

22 cards on the table, and the top card is J♠
Computer plays J♥

23 cards on the table, and the top card is J♥
Cards in hand: 1)K♠ 2)3♦ 3)K♣
Choose a card to play (1-3):
> 3

24 cards on the table, and the top card is K♣
Computer plays 5♥

25 cards on the table, and the top card is 5♥
Cards in hand: 1)K♠ 2)3♦
Choose a card to play (1-2):
> 2

26 cards on the table, and the top card is 3♦
Computer plays 2♥

27 cards on the table, and the top card is 2♥
Cards in hand: 1)K♠
Choose a card to play (1-1):
> 1

28 cards on the table, and the top card is K♠
Computer plays 9♦

29 cards on the table, and the top card is 9♦
Cards in hand: 1)Q♠ 2)7♣ 3)9♥ 4)A♠ 5)4♠ 6)9♠
Choose a card to play (1-6):
> 6

30 cards on the table, and the top card is 9♠
Computer plays 4♣

31 cards on the table, and the top card is 4♣
Cards in hand: 1)Q♠ 2)7♣ 3)9♥ 4)A♠ 5)4♠
Choose a card to play (1-5):
> 5

32 cards on the table, and the top card is 4♠
Computer plays Q♣

33 cards on the table, and the top card is Q♣
Cards in hand: 1)Q♠ 2)7♣ 3)9♥ 4)A♠
Choose a card to play (1-4):
> 4

34 cards on the table, and the top card is A♠
Computer plays Q♥

35 cards on the table, and the top card is Q♥
Cards in hand: 1)Q♠ 2)7♣ 3)9♥
Choose a card to play (1-3):
> 3

36 cards on the table, and the top card is 9♥
Computer plays 2♠

37 cards on the table, and the top card is 2♠
Cards in hand: 1)Q♠ 2)7♣
Choose a card to play (1-2):
> 2

38 cards on the table, and the top card is 7♣
Computer plays 8♦

39 cards on the table, and the top card is 8♦
Cards in hand: 1)Q♠
Choose a card to play (1-1):
> 1

40 cards on the table, and the top card is Q♠
Computer plays Q♦

41 cards on the table, and the top card is Q♦
Cards in hand: 1)7♦ 2)5♦ 3)8♠ 4)6♣ 5)5♣ 6)10♠
Choose a card to play (1-6):
> 6

42 cards on the table, and the top card is 10♠
Computer plays 3♥

43 cards on the table, and the top card is 3♥
Cards in hand: 1)7♦ 2)5♦ 3)8♠ 4)6♣ 5)5♣
Choose a card to play (1-5):
> 5

44 cards on the table, and the top card is 5♣
Computer plays 2♣

45 cards on the table, and the top card is 2♣
Cards in hand: 1)7♦ 2)5♦ 3)8♠ 4)6♣
Choose a card to play (1-4):
> 4

46 cards on the table, and the top card is 6♣
Computer plays 10♣

47 cards on the table, and the top card is 10♣
Cards in hand: 1)7♦ 2)5♦ 3)8♠
Choose a card to play (1-3):
> 3

48 cards on the table, and the top card is 8♠
Computer plays 4♥

49 cards on the table, and the top card is 4♥
Cards in hand: 1)7♦ 2)5♦
Choose a card to play (1-2):
> 2

50 cards on the table, and the top card is 5♦
Computer plays 4♦

51 cards on the table, and the top card is 4♦
Cards in hand: 1)7♦
Choose a card to play (1-1):
> 1

52 cards on the table, and the top card is 7♦
Game Over
?[1;31m
Start test 6?[0m
Indigo Card Game
Play first?
> Hello
Play first?
> me
Play first?
> 0
Play first?
> play
Play first?
> no
Initial cards on the table: J♠ 5♥ 6♣ 3♠

4 cards on the table, and the top card is 3♠
Computer plays 3♣

5 cards on the table, and the top card is 3♣
Cards in hand: 1)A♣ 2)J♣ 3)9♣ 4)K♥ 5)3♦ 6)5♣
Choose a card to play (1-6):
> exit
Game Over
?[1;31m
Start test 7?[0m
Indigo Card Game
Play first?
> yes
Initial cards on the table: 8♥ K♥ 9♣ J♣

4 cards on the table, and the top card is J♣
Cards in hand: 1)6♠ 2)K♣ 3)5♦ 4)5♥ 5)6♣ 6)8♠
Choose a card to play (1-6):
> 0
Choose a card to play (1-6):
> 7
Choose a card to play (1-6):
> One
Choose a card to play (1-6):
> exit
Game Over
]]></system-out>
  <system-err><![CDATA[]]></system-err>
</testsuite>
