<?xml version="1.0" encoding="UTF-8"?>
<testsuite name="CardGameTest" tests="1" skipped="0" failures="0" errors="0" timestamp="2023-04-19T21:08:14" hostname="MBPdeHerlander.home" time="0.864">
  <properties/>
  <testcase name="start" classname="CardGameTest" time="0.864"/>
  <system-out><![CDATA[?[1;31m
Start test 1?[0m
A 2 3 4 5 6 7 8 9 10 J Q K 
♠ ♥ ♦ ♣ 
]]></system-out>
  <system-err><![CDATA[]]></system-err>
</testsuite>
